0 info it worked if it ends with ok
1 verbose cli [ 'node', '/usr/local/bin/npm', 'install', 'node', '--global' ]
2 info using npm@1.1.61
3 info using node@v0.8.9
4 verbose read json /usr/local/lib/package.json
5 verbose read json /usr/local/lib/package.json
6 verbose cache add [ 'node', null ]
7 silly cache add name=undefined spec="node" args=["node",null]
8 verbose parsed url { pathname: 'node', path: 'node', href: 'node' }
9 silly lockFile f8e966d1-node node
10 verbose lock node /Users/worktop/.npm/f8e966d1-node.lock
11 silly lockFile f8e966d1-node node
12 verbose addNamed [ 'node', '' ]
13 verbose addNamed [ null, '' ]
14 silly lockFile bccd7aa1-node node@
15 verbose lock node@ /Users/worktop/.npm/bccd7aa1-node.lock
16 silly addNameRange { name: 'node', range: '', hasData: false }
17 verbose url raw node
18 verbose url resolving [ 'https://registry.npmjs.org/', './node' ]
19 verbose url resolved https://registry.npmjs.org/node
20 info trying registry request attempt 1 at 02:49:27
21 http GET https://registry.npmjs.org/node
22 http 200 https://registry.npmjs.org/node
23 silly registry.get cb [ 200,
23 silly registry.get   { vary: 'Accept',
23 silly registry.get     server: 'CouchDB/1.2.1 (Erlang OTP/R15B03)',
23 silly registry.get     etag: '"2YPC0GUD4K4LST0S0MZMZDVRT"',
23 silly registry.get     date: 'Wed, 06 Mar 2013 08:49:27 GMT',
23 silly registry.get     'content-type': 'application/json',
23 silly registry.get     'content-length': '1015' } ]
24 silly addNameRange number 2 { name: 'node', range: '', hasData: true }
25 silly addNameRange versions [ 'node', [ '0.0.0' ] ]
26 verbose addNamed [ 'node', '0.0.0' ]
27 verbose addNamed [ '0.0.0', '0.0.0' ]
28 silly lockFile c321b6ea-node-0-0-0 node@0.0.0
29 verbose lock node@0.0.0 /Users/worktop/.npm/c321b6ea-node-0-0-0.lock
30 warn deprecated node@0.0.0: To update or install node, go to http://nodejs.org/
31 silly lockFile 5a02160b-ry-npmjs-org-node-node-0-0-0-tgz https://registry.npmjs.org/node/-/node-0.0.0.tgz
32 verbose lock https://registry.npmjs.org/node/-/node-0.0.0.tgz /Users/worktop/.npm/5a02160b-ry-npmjs-org-node-node-0-0-0-tgz.lock
33 verbose addRemoteTarball [ 'https://registry.npmjs.org/node/-/node-0.0.0.tgz',
33 verbose addRemoteTarball   '288d62f90530c763eff8d4831ee7343ab3d60793' ]
34 info retry fetch attempt 1 at 02:49:27
35 verbose fetch to= /var/folders/6t/1wsc_d3s2pz3tpdvckjbl06r0000gn/T/npm-1557/1362559767873-0.7309910878539085/tmp.tgz
36 http GET https://registry.npmjs.org/node/-/node-0.0.0.tgz
37 http 200 https://registry.npmjs.org/node/-/node-0.0.0.tgz
38 silly shasum updated bytes 152
39 info shasum 288d62f90530c763eff8d4831ee7343ab3d60793
39 info shasum /var/folders/6t/1wsc_d3s2pz3tpdvckjbl06r0000gn/T/npm-1557/1362559767873-0.7309910878539085/tmp.tgz
40 verbose tar unpack /var/folders/6t/1wsc_d3s2pz3tpdvckjbl06r0000gn/T/npm-1557/1362559767873-0.7309910878539085/tmp.tgz
41 silly lockFile af0699af-67873-0-7309910878539085-package /var/folders/6t/1wsc_d3s2pz3tpdvckjbl06r0000gn/T/npm-1557/1362559767873-0.7309910878539085/package
42 verbose lock /var/folders/6t/1wsc_d3s2pz3tpdvckjbl06r0000gn/T/npm-1557/1362559767873-0.7309910878539085/package /Users/worktop/.npm/af0699af-67873-0-7309910878539085-package.lock
43 silly gunzTarPerm modes [ '755', '644' ]
44 silly gunzTarPerm extractEntry package.json
45 verbose read json /var/folders/6t/1wsc_d3s2pz3tpdvckjbl06r0000gn/T/npm-1557/1362559767873-0.7309910878539085/package/package.json
46 warn package.json node@0.0.0 No README.md file found!
47 silly lockFile af0699af-67873-0-7309910878539085-package /var/folders/6t/1wsc_d3s2pz3tpdvckjbl06r0000gn/T/npm-1557/1362559767873-0.7309910878539085/package
48 verbose from cache /var/folders/6t/1wsc_d3s2pz3tpdvckjbl06r0000gn/T/npm-1557/1362559767873-0.7309910878539085/package/package.json
49 verbose tar pack [ '/Users/worktop/.npm/node/0.0.0/package.tgz',
49 verbose tar pack   '/var/folders/6t/1wsc_d3s2pz3tpdvckjbl06r0000gn/T/npm-1557/1362559767873-0.7309910878539085/package' ]
50 verbose tarball /Users/worktop/.npm/node/0.0.0/package.tgz
51 verbose folder /var/folders/6t/1wsc_d3s2pz3tpdvckjbl06r0000gn/T/npm-1557/1362559767873-0.7309910878539085/package
52 silly lockFile 4363b40d-rktop-npm-node-0-0-0-package-tgz /Users/worktop/.npm/node/0.0.0/package.tgz
53 verbose lock /Users/worktop/.npm/node/0.0.0/package.tgz /Users/worktop/.npm/4363b40d-rktop-npm-node-0-0-0-package-tgz.lock
54 silly lockFile 4363b40d-rktop-npm-node-0-0-0-package-tgz /Users/worktop/.npm/node/0.0.0/package.tgz
55 silly lockFile 2968444f-s-worktop-npm-node-0-0-0-package /Users/worktop/.npm/node/0.0.0/package
56 verbose lock /Users/worktop/.npm/node/0.0.0/package /Users/worktop/.npm/2968444f-s-worktop-npm-node-0-0-0-package.lock
57 silly lockFile 2968444f-s-worktop-npm-node-0-0-0-package /Users/worktop/.npm/node/0.0.0/package
58 verbose tar unpack /Users/worktop/.npm/node/0.0.0/package.tgz
59 silly lockFile 2968444f-s-worktop-npm-node-0-0-0-package /Users/worktop/.npm/node/0.0.0/package
60 verbose lock /Users/worktop/.npm/node/0.0.0/package /Users/worktop/.npm/2968444f-s-worktop-npm-node-0-0-0-package.lock
61 silly gunzTarPerm modes [ '755', '644' ]
62 silly gunzTarPerm extractEntry package.json
63 verbose read json /Users/worktop/.npm/node/0.0.0/package/package.json
64 silly lockFile 2968444f-s-worktop-npm-node-0-0-0-package /Users/worktop/.npm/node/0.0.0/package
65 silly shasum updated bytes 148
66 info shasum 088af84c73fa2a710feebf6fe60574e4b4d0f2d8
66 info shasum /Users/worktop/.npm/node/0.0.0/package.tgz
67 verbose from cache /Users/worktop/.npm/node/0.0.0/package/package.json
68 verbose chmod /Users/worktop/.npm/node/0.0.0/package.tgz 644
69 verbose chown /Users/worktop/.npm/node/0.0.0/package.tgz [ 501, 20 ]
70 silly lockFile 5a02160b-ry-npmjs-org-node-node-0-0-0-tgz https://registry.npmjs.org/node/-/node-0.0.0.tgz
71 silly lockFile c321b6ea-node-0-0-0 node@0.0.0
72 silly lockFile bccd7aa1-node node@
73 silly resolved [ { name: 'node',
73 silly resolved     version: '0.0.0',
73 silly resolved     _id: 'node@0.0.0',
73 silly resolved     readme: 'ERROR: No README.md file found!',
73 silly resolved     description: 'ERROR: No README.md file found!',
73 silly resolved     dist: { shasum: '088af84c73fa2a710feebf6fe60574e4b4d0f2d8' },
73 silly resolved     deprecated: 'To update or install node, go to http://nodejs.org/',
73 silly resolved     _from: 'node' } ]
74 info install node@0.0.0 into /usr/local/lib
75 info installOne node@0.0.0
76 verbose from cache /Users/worktop/.npm/node/0.0.0/package/package.json
77 info /usr/local/lib/node_modules/node unbuild
78 verbose read json /usr/local/lib/node_modules/node/package.json
79 verbose tar unpack /Users/worktop/.npm/node/0.0.0/package.tgz
80 silly lockFile 55ba4836-usr-local-lib-node-modules-node /usr/local/lib/node_modules/node
81 verbose lock /usr/local/lib/node_modules/node /Users/worktop/.npm/55ba4836-usr-local-lib-node-modules-node.lock
82 silly gunzTarPerm modes [ '755', '644' ]
83 error Error: EACCES, mkdir '/usr/local/lib/node_modules/node'
83 error  { [Error: EACCES, mkdir '/usr/local/lib/node_modules/node']
83 error   errno: 3,
83 error   code: 'EACCES',
83 error   path: '/usr/local/lib/node_modules/node',
83 error   fstream_type: 'Directory',
83 error   fstream_path: '/usr/local/lib/node_modules/node',
83 error   fstream_class: 'DirWriter',
83 error   fstream_stack:
83 error    [ 'DirWriter._create (/usr/local/lib/node_modules/npm/node_modules/fstream/lib/dir-writer.js:36:23)',
83 error      '/usr/local/lib/node_modules/npm/node_modules/mkdirp/index.js:37:53',
83 error      'Object.oncomplete (fs.js:297:15)' ] }
84 error Please try running this command again as root/Administrator.
85 error System Darwin 12.2.0
86 error command "node" "/usr/local/bin/npm" "install" "node" "--global"
87 error cwd /Users/worktop/Documents/gifme/gifdme
88 error node -v v0.8.9
89 error npm -v 1.1.61
90 error path /usr/local/lib/node_modules/node
91 error fstream_path /usr/local/lib/node_modules/node
92 error fstream_type Directory
93 error fstream_class DirWriter
94 error code EACCES
95 error errno 3
96 error stack Error: EACCES, mkdir '/usr/local/lib/node_modules/node'
97 error fstream_stack DirWriter._create (/usr/local/lib/node_modules/npm/node_modules/fstream/lib/dir-writer.js:36:23)
97 error fstream_stack /usr/local/lib/node_modules/npm/node_modules/mkdirp/index.js:37:53
97 error fstream_stack Object.oncomplete (fs.js:297:15)
98 verbose exit [ 3, true ]
